# JRE version: OpenJDK Runtime Environment (9.0) (slowdebug build 9-internal+0-adhoc.simonis.jdk9-dev)
# Java VM: OpenJDK 64-Bit Server VM (slowdebug 9-internal+0-adhoc.simonis.jdk9-dev, mixed mode, tiered, compressed oops, g1 gc, linux-amd64)
Heap:
 garbage-first heap   total 8192K, used 718K [0x00000000fec00000, 0x00000000fed00040, 0x0000000100000000)
  region size 1024K, 1 young (1024K), 0 survivors (0K)
 Metaspace       used 6054K, capacity 6120K, committed 6144K, reserved 1056768K
  class space    used 595K, capacity 631K, committed 640K, reserved 1048576K
GC Heap History (6 events):
Event: 1,465 GC heap before
{Heap before GC invocations=0 (full 0):
 garbage-first heap   total 20480K, used 1024K [0x00000000fec00000, 0x00000000fed000a0, 0x0000000100000000)
  region size 1024K, 2 young (2048K), 0 survivors (0K)
 Metaspace       used 6056K, capacity 6124K, committed 6144K, reserved 1056768K
  class space    used 596K, capacity 633K, committed 640K, reserved 1048576K
}
Event: 1,507 GC heap after
{Heap after GC invocations=1 (full 0):
 garbage-first heap   total 20480K, used 790K [0x00000000fec00000, 0x00000000fed000a0, 0x0000000100000000)
  region size 1024K, 1 young (1024K), 1 survivors (1024K)
 Metaspace       used 6056K, capacity 6124K, committed 6144K, reserved 1056768K
  class space    used 596K, capacity 633K, committed 640K, reserved 1048576K
}
Event: 1,507 GC heap before
{Heap before GC invocations=1 (full 0):
 garbage-first heap   total 20480K, used 790K [0x00000000fec00000, 0x00000000fed000a0, 0x0000000100000000)
  region size 1024K, 1 young (1024K), 1 survivors (1024K)
 Metaspace       used 6056K, capacity 6124K, committed 6144K, reserved 1056768K
  class space    used 596K, capacity 633K, committed 640K, reserved 1048576K
}
Event: 1,614 GC heap after
{Heap after GC invocations=2 (full 1):
 garbage-first heap   total 8192K, used 774K [0x00000000fec00000, 0x00000000fed00040, 0x0000000100000000)
  region size 1024K, 0 young (0K), 0 survivors (0K)
 Metaspace       used 6056K, capacity 6124K, committed 6144K, reserved 1056768K
  class space    used 596K, capacity 633K, committed 640K, reserved 1048576K
}
Event: 1,614 GC heap before
{Heap before GC invocations=2 (full 1):
 garbage-first heap   total 8192K, used 774K [0x00000000fec00000, 0x00000000fed00040, 0x0000000100000000)
  region size 1024K, 0 young (0K), 0 survivors (0K)
 Metaspace       used 6056K, capacity 6124K, committed 6144K, reserved 1056768K
  class space    used 596K, capacity 633K, committed 640K, reserved 1048576K
}
Event: 1,713 GC heap after
{Heap after GC invocations=3 (full 2):
 garbage-first heap   total 8192K, used 718K [0x00000000fec00000, 0x00000000fed00040, 0x0000000100000000)
  region size 1024K, 0 young (0K), 0 survivors (0K)
 Metaspace       used 6053K, capacity 6120K, committed 6144K, reserved 1056768K
  class space    used 595K, capacity 631K, committed 640K, reserved 1048576K
}

